  Lab1_DLL.cpp
c:\users\emil\documents\github\dd-list\lab1_dll\node.h(11): warning C4800: 'float': forcing value to bool 'true' or 'false' (performance warning)
c:\users\emil\documents\github\dd-list\lab1_dll\dllist.h(31): error C2248: 'Link<Node>::prev': cannot access private member declared in class 'Link<Node>'
  c:\users\emil\documents\github\dd-list\lab1_dll\link.h(10): note: see declaration of 'Link<Node>::prev'
  c:\users\emil\documents\github\dd-list\lab1_dll\node.h(4): note: see declaration of 'Link<Node>'
  c:\users\emil\documents\github\dd-list\lab1_dll\dllist.h(25): note: while compiling class template member function 'Node *DLList<Node>::PushFront(T *)'
          with
          [
              T=Node
          ]
  c:\users\emil\documents\github\dd-list\lab1_dll\lab1_dll.cpp(16): note: see reference to function template instantiation 'Node *DLList<Node>::PushFront(T *)' being compiled
          with
          [
              T=Node
          ]
  c:\users\emil\documents\github\dd-list\lab1_dll\lab1_dll.cpp(14): note: see reference to class template instantiation 'DLList<Node>' being compiled
c:\users\emil\documents\github\dd-list\lab1_dll\dllist.h(32): error C2248: 'Link<Node>::next': cannot access private member declared in class 'Link<Node>'
  c:\users\emil\documents\github\dd-list\lab1_dll\link.h(9): note: see declaration of 'Link<Node>::next'
  c:\users\emil\documents\github\dd-list\lab1_dll\node.h(4): note: see declaration of 'Link<Node>'
c:\users\emil\documents\github\dd-list\lab1_dll\dllist.h(33): error C2248: 'Link<Node>::prev': cannot access private member declared in class 'Link<Node>'
  c:\users\emil\documents\github\dd-list\lab1_dll\link.h(10): note: see declaration of 'Link<Node>::prev'
  c:\users\emil\documents\github\dd-list\lab1_dll\node.h(4): note: see declaration of 'Link<Node>'
c:\users\emil\documents\github\dd-list\lab1_dll\dllist.h(44): error C2248: 'Link<Node>::next': cannot access private member declared in class 'Link<Node>'
  c:\users\emil\documents\github\dd-list\lab1_dll\link.h(9): note: see declaration of 'Link<Node>::next'
  c:\users\emil\documents\github\dd-list\lab1_dll\node.h(4): note: see declaration of 'Link<Node>'
c:\users\emil\documents\github\dd-list\lab1_dll\dllist.h(44): error C2248: 'Link<Node>::prev': cannot access private member declared in class 'Link<Node>'
  c:\users\emil\documents\github\dd-list\lab1_dll\link.h(10): note: see declaration of 'Link<Node>::prev'
  c:\users\emil\documents\github\dd-list\lab1_dll\node.h(4): note: see declaration of 'Link<Node>'
c:\users\emil\documents\github\dd-list\lab1_dll\dllist.h(45): error C2248: 'Link<Node>::next': cannot access private member declared in class 'Link<Node>'
  c:\users\emil\documents\github\dd-list\lab1_dll\link.h(9): note: see declaration of 'Link<Node>::next'
  c:\users\emil\documents\github\dd-list\lab1_dll\node.h(4): note: see declaration of 'Link<Node>'
c:\users\emil\documents\github\dd-list\lab1_dll\dllist.h(46): error C2248: 'Link<Node>::next': cannot access private member declared in class 'Link<Node>'
  c:\users\emil\documents\github\dd-list\lab1_dll\link.h(9): note: see declaration of 'Link<Node>::next'
  c:\users\emil\documents\github\dd-list\lab1_dll\node.h(4): note: see declaration of 'Link<Node>'
c:\users\emil\documents\github\dd-list\lab1_dll\dllist.h(47): error C2248: 'Link<Node>::prev': cannot access private member declared in class 'Link<Node>'
  c:\users\emil\documents\github\dd-list\lab1_dll\link.h(10): note: see declaration of 'Link<Node>::prev'
  c:\users\emil\documents\github\dd-list\lab1_dll\node.h(4): note: see declaration of 'Link<Node>'
c:\users\emil\documents\github\dd-list\lab1_dll\dllist.h(47): error C2065: 'efLink': undeclared identifier
  Generating Code...
  Compiling...
  DLList.cpp
  Generating Code...
